<?xml version="1.0" encoding="UTF-8"?>
<!-- Generated by org.testng.reporters.JUnitReportReporter -->
<testsuite hostname="DESKTOP-5USKB80" failures="0" tests="2" name="AmazonApp.AmazonApp.suites.LoginTest" time="159.232" errors="0" timestamp="07 Jul 2022 05:25:06 GMT" skipped="0">
  <testcase classname="AmazonApp.AmazonApp.suites.LoginTest" name="LP" time="124.129"/>
  <testcase classname="AmazonApp.AmazonApp.suites.LoginTest" name="LP" time="35.103"/>
</testsuite> <!-- AmazonApp.AmazonApp.suites.LoginTest -->
