<?xml version="1.0" encoding="UTF-8"?>
<!-- Generated by org.testng.reporters.JUnitReportReporter -->
<testsuite hostname="DESKTOP-5USKB80" failures="0" tests="2" name="AmazonApp.AmazonApp.suites.LoginTest" time="53.608" errors="0" timestamp="07 Jul 2022 05:57:49 GMT" skipped="0">
  <testcase classname="AmazonApp.AmazonApp.suites.LoginTest" name="LP" time="27.022"/>
  <testcase classname="AmazonApp.AmazonApp.suites.LoginTest" name="LP" time="26.586"/>
</testsuite> <!-- AmazonApp.AmazonApp.suites.LoginTest -->
